Arguments: 
  /home/ron/.nvm/versions/node/v11.0.0/bin/node /usr/bin/yarn add file:///home/ron/git/prismarine-block

PATH: 
  /home/ron/.yarn/bin:/home/ron/.yarn/bin:/home/ron/.nvm/versions/node/v11.0.0/bin:/home/ron/.yarn/bin:/usr/local/sbin:/usr/local/bin:/usr/bin:/usr/lib/jvm/default/bin:/usr/bin/site_perl:/usr/bin/vendor_perl:/usr/bin/core_perl:/home/ron/go/bin:/usr/lib/jvm/default/bin:/usr/bin/site_perl:/usr/bin/vendor_perl:/usr/bin/core_perl:/home/ron/go/bin:/home/ron/go/bin

Yarn version: 
  1.16.0

Node version: 
  11.0.0

Platform: 
  linux x64

Trace: 
  SyntaxError: /home/ron/git/prismarine-block/package.json: Unexpected token } in JSON at position 586
      at JSON.parse (<anonymous>)
      at /usr/lib/node_modules/yarn/lib/cli.js:1625:59
      at Generator.next (<anonymous>)
      at step (/usr/lib/node_modules/yarn/lib/cli.js:304:30)
      at /usr/lib/node_modules/yarn/lib/cli.js:315:13

npm manifest: 
  {
    "name": "prismarine-chunk",
    "version": "1.11.0",
    "description": "A class to hold chunk data for prismarine",
    "main": "index.js",
    "types": "src/index.d.ts",
    "scripts": {
      "test": "mocha",
      "benchmark": "bench-csv ./benchmarks/chunk-1.9.js -o ./benchmarks/results/chunk-1.9.csv",
      "lint": "standard",
      "pretest": "npm run lint"
    },
    "repository": {
      "type": "git",
      "url": "https://github.com/PrismarineJS/prismarine-chunk.git"
    },
    "keywords": [
      "minecraft",
      "voxel",
      "chunk",
      "world"
    ],
    "contributors": [
      "Will Franzen <wtfranzen@gmail.com> (http://will.xyz/)",
      "Romain Beaumont <romain.rom1@gmail.com>",
      "Georges Oates Larsen (flynnn)",
      "mhsjlw"
    ],
    "license": "MIT",
    "bugs": {
      "url": "https://github.com/PrismarineJS/prismarine-chunk/issues"
    },
    "homepage": "https://github.com/PrismarineJS/prismarine-chunk",
    "devDependencies": {
      "bench-csv": "^2.2.3",
      "minecraft-data": "^2.35.0",
      "mocha": "^6.0.0",
      "standard": "^12.0.1"
    },
    "dependencies": {
      "prismarine-block": "^1.1.1",
      "protodef": "^1.3.1",
      "uint4": "^0.1.2",
      "vec3": "^0.1.3"
    },
    "engines": {
      "node": ">=6"
    }
  }

yarn manifest: 
  No manifest

Lockfile: 
  No lockfile
